<?xml version="1.0" encoding="UTF-8"?>
<!-- Generated by org.testng.reporters.JUnitReportReporter -->
<testsuite hostname="GA-HK-PoojaBhandariMacBookPro" failures="0" tests="2" name="materialLoginApplication.TestCase01" time="0.004" errors="0" timestamp="2022-12-15T16:54:23 HKT" skipped="0">
  <testcase classname="materialLoginApplication.TestCase01" name="Test02" time="0.002"/>
  <system-out>
    <![CDATA[ Method name is -Test02
Status of result1]]>
  </system-out>
  <testcase classname="materialLoginApplication.TestCase01" name="Test01" time="0.002"/>
  <system-out>
    <![CDATA[ Method name is -Test01
Status of result1]]>
  </system-out>
</testsuite> <!-- materialLoginApplication.TestCase01 -->
