<?xml version="1.0" encoding="UTF-8"?>
<!-- Generated by org.testng.reporters.JUnitReportReporter -->
<testsuite hostname="GA-HK-PoojaBhandariMacBookPro" failures="0" tests="2" name="materialLoginApplication.DemoClass" time="13.657" errors="0" timestamp="2023-01-06T20:38:07 HKT" skipped="0">
  <testcase classname="materialLoginApplication.DemoClass" name="setupDriver" time="8.707"/>
  <system-out/>
  <testcase classname="materialLoginApplication.DemoClass" name="signInTest" time="4.950"/>
  <system-out/>
</testsuite> <!-- materialLoginApplication.DemoClass -->
