<?xml version="1.0" encoding="UTF-8"?>
<!-- Generated by org.testng.reporters.JUnitReportReporter -->
<testsuite hostname="GA-HK-PoojaBhandariMacBookPro" failures="0" tests="1" name="materialLoginApplication.MaterialLoginSignInTest" time="4.140" errors="0" timestamp="2023-01-06T19:51:06 HKT" skipped="0">
  <testcase classname="materialLoginApplication.MaterialLoginSignInTest" name="signInTest" time="4.140"/>
  <system-out/>
</testsuite> <!-- materialLoginApplication.MaterialLoginSignInTest -->
