<?xml version="1.0" encoding="UTF-8"?>
<!-- Generated by org.testng.reporters.JUnitReportReporter -->
<testsuite hostname="GA-HK-PoojaBhandariMacBookPro" failures="0" tests="2" name="materialLoginApplication.TestClass02" time="0.011" errors="0" timestamp="2022-12-15T16:54:23 HKT" skipped="0">
  <testcase classname="materialLoginApplication.TestClass02" name="Test05" time="0.010"/>
  <system-out>
    <![CDATA[ Method name is -Test05
Status of result1]]>
  </system-out>
  <testcase classname="materialLoginApplication.TestClass02" name="Test08" time="0.001"/>
  <system-out>
    <![CDATA[ Method name is -Test08
Status of result1]]>
  </system-out>
</testsuite> <!-- materialLoginApplication.TestClass02 -->
