<?xml version="1.0" encoding="UTF-8"?>
<!-- Generated by org.testng.reporters.JUnitReportReporter -->
<testsuite hostname="GA-HK-PoojaBhandariMacBookPro" failures="0" tests="1" name="materialLogin.MaterialLoginSignInTest" time="3.466" errors="0" timestamp="13 Dec 2022 03:08:23 GMT" skipped="0">
  <testcase classname="materialLogin.MaterialLoginSignInTest" name="signInTest" time="3.466"/>
</testsuite> <!-- materialLogin.MaterialLoginSignInTest -->
