<?xml version="1.0" encoding="UTF-8"?>
<!-- Generated by org.testng.reporters.JUnitReportReporter -->
<testsuite hostname="GA-HK-PoojaBhandariMacBookPro" failures="0" tests="1" name="materialLoginApplication.MaterialLoginSignInTest" time="3.225" errors="0" timestamp="13 Dec 2022 06:08:26 GMT" skipped="0">
  <testcase classname="materialLoginApplication.MaterialLoginSignInTest" name="signInTest" time="3.225"/>
</testsuite> <!-- materialLoginApplication.MaterialLoginSignInTest -->
